{
  "stats": {
    "suites": 1,
    "tests": 1,
    "passes": 1,
    "pending": 0,
    "failures": 0,
    "start": "2022-09-03T11:18:31.524Z",
    "end": "2022-09-03T11:18:31.614Z",
    "duration": 90,
    "testsRegistered": 1,
    "passPercent": 100,
    "pendingPercent": 0,
    "other": 0,
    "hasOther": false,
    "skipped": 0,
    "hasSkipped": false
  },
  "results": [
    {
      "uuid": "4c816a00-3696-47c2-8fa5-4c86c95d6955",
      "title": "",
      "fullFile": "cypress\\e2e\\Leaves\\leaves.js",
      "file": "cypress\\e2e\\Leaves\\leaves.js",
      "beforeHooks": [],
      "afterHooks": [],
      "tests": [],
      "suites": [
        {
          "uuid": "0c44b1f6-427e-4784-b8a4-fafdaa785bf4",
          "title": "Leaves",
          "fullFile": "",
          "file": "",
          "beforeHooks": [],
          "afterHooks": [],
          "tests": [
            {
              "title": "leaves",
              "fullTitle": "Leaves leaves",
              "timedOut": null,
              "duration": 44,
              "state": "passed",
              "speed": "fast",
              "pass": true,
              "fail": false,
              "pending": false,
              "context": null,
              "code": "cy.log(\"This is Leaves file.\");",
              "err": {},
              "uuid": "5ea21ab7-6974-4b6f-aff5-c212ee070a50",
              "parentUUID": "0c44b1f6-427e-4784-b8a4-fafdaa785bf4",
              "isHook": false,
              "skipped": false
            }
          ],
          "suites": [],
          "passes": ["5ea21ab7-6974-4b6f-aff5-c212ee070a50"],
          "failures": [],
          "pending": [],
          "skipped": [],
          "duration": 44,
          "root": false,
          "rootEmpty": false,
          "_timeout": 2000
        }
      ],
      "passes": [],
      "failures": [],
      "pending": [],
      "skipped": [],
      "duration": 0,
      "root": true,
      "rootEmpty": true,
      "_timeout": 2000
    }
  ],
  "meta": {
    "mocha": {
      "version": "7.0.1"
    },
    "mochawesome": {
      "options": {
        "quiet": false,
        "reportFilename": "mochawesome",
        "saveHtml": false,
        "saveJson": true,
        "consoleReporter": "spec",
        "useInlineDiffs": false,
        "code": true
      },
      "version": "7.1.3"
    },
    "marge": {
      "options": {
        "charts": true,
        "overwrite": false,
        "html": false,
        "json": true,
        "reportDir": "cypress/report/mochawesome-report"
      },
      "version": "6.2.0"
    }
  }
}
