{
  "stats": {
    "suites": 1,
    "tests": 1,
    "passes": 0,
    "pending": 0,
    "failures": 1,
    "start": "2022-09-03T11:18:27.842Z",
    "end": "2022-09-03T11:18:28.045Z",
    "duration": 203,
    "testsRegistered": 1,
    "passPercent": 0,
    "pendingPercent": 0,
    "other": 0,
    "hasOther": false,
    "skipped": 0,
    "hasSkipped": false
  },
  "results": [
    {
      "uuid": "821f1118-469d-451e-b6fa-58ef265a0941",
      "title": "",
      "fullFile": "cypress\\e2e\\Leaves\\captcha.ts",
      "file": "cypress\\e2e\\Leaves\\captcha.ts",
      "beforeHooks": [],
      "afterHooks": [],
      "tests": [],
      "suites": [
        {
          "uuid": "0c655874-b0c6-42df-a29e-7d645c0c3864",
          "title": "captcha",
          "fullFile": "",
          "file": "",
          "beforeHooks": [],
          "afterHooks": [],
          "tests": [
            {
              "title": "should captcha",
              "fullTitle": "captcha should captcha",
              "timedOut": null,
              "duration": 137,
              "state": "failed",
              "speed": null,
              "pass": false,
              "fail": true,
              "pending": false,
              "context": null,
              "code": "tesseract_js_1.default.recognize(\"./captcha.png\", \"eng\", {\n    logger: function (m) { return console.log(m); },\n}).then(function (_a) {\n    var text = _a.data.text;\n    console.log(text);\n});",
              "err": {
                "message": "TypeError: Cannot read properties of undefined (reading 'recognize')",
                "estack": "TypeError: Cannot read properties of undefined (reading 'recognize')\n    at Context.eval (http://localhost:62014/__cypress/tests?p=cypress\\e2e\\Leaves\\captcha.ts:103:32)",
                "diff": null
              },
              "uuid": "c711fd7f-9c16-4a1c-b613-4383d380d0bb",
              "parentUUID": "0c655874-b0c6-42df-a29e-7d645c0c3864",
              "isHook": false,
              "skipped": false
            }
          ],
          "suites": [],
          "passes": [],
          "failures": ["c711fd7f-9c16-4a1c-b613-4383d380d0bb"],
          "pending": [],
          "skipped": [],
          "duration": 137,
          "root": false,
          "rootEmpty": false,
          "_timeout": 2000
        }
      ],
      "passes": [],
      "failures": [],
      "pending": [],
      "skipped": [],
      "duration": 0,
      "root": true,
      "rootEmpty": true,
      "_timeout": 2000
    }
  ],
  "meta": {
    "mocha": {
      "version": "7.0.1"
    },
    "mochawesome": {
      "options": {
        "quiet": false,
        "reportFilename": "mochawesome",
        "saveHtml": false,
        "saveJson": true,
        "consoleReporter": "spec",
        "useInlineDiffs": false,
        "code": true
      },
      "version": "7.1.3"
    },
    "marge": {
      "options": {
        "charts": true,
        "overwrite": false,
        "html": false,
        "json": true,
        "reportDir": "cypress/report/mochawesome-report"
      },
      "version": "6.2.0"
    }
  }
}
