{
  "stats": {
    "suites": 1,
    "tests": 1,
    "passes": 1,
    "pending": 0,
    "failures": 0,
    "start": "2022-09-03T11:18:21.854Z",
    "end": "2022-09-03T11:18:22.005Z",
    "duration": 151,
    "testsRegistered": 1,
    "passPercent": 100,
    "pendingPercent": 0,
    "other": 0,
    "hasOther": false,
    "skipped": 0,
    "hasSkipped": false
  },
  "results": [
    {
      "uuid": "e1fa1640-3210-41b7-bd23-dc74e11d9076",
      "title": "",
      "fullFile": "cypress\\e2e\\Forms\\forms.ts",
      "file": "cypress\\e2e\\Forms\\forms.ts",
      "beforeHooks": [],
      "afterHooks": [],
      "tests": [],
      "suites": [
        {
          "uuid": "0e0b59ab-4ffc-4610-8f8e-17a67617f445",
          "title": "Forms",
          "fullFile": "",
          "file": "",
          "beforeHooks": [],
          "afterHooks": [],
          "tests": [
            {
              "title": "forms",
              "fullTitle": "Forms forms",
              "timedOut": null,
              "duration": 52,
              "state": "passed",
              "speed": "fast",
              "pass": true,
              "fail": false,
              "pending": false,
              "context": null,
              "code": "cy.log(\"This is Forms file.\");\ncy.log(\"second log  \");\nvar url = Cypress.env('baseUrl');",
              "err": {},
              "uuid": "68a98a24-4e21-4f91-8f2f-cd30f4f37887",
              "parentUUID": "0e0b59ab-4ffc-4610-8f8e-17a67617f445",
              "isHook": false,
              "skipped": false
            }
          ],
          "suites": [],
          "passes": ["68a98a24-4e21-4f91-8f2f-cd30f4f37887"],
          "failures": [],
          "pending": [],
          "skipped": [],
          "duration": 52,
          "root": false,
          "rootEmpty": false,
          "_timeout": 2000
        }
      ],
      "passes": [],
      "failures": [],
      "pending": [],
      "skipped": [],
      "duration": 0,
      "root": true,
      "rootEmpty": true,
      "_timeout": 2000
    }
  ],
  "meta": {
    "mocha": {
      "version": "7.0.1"
    },
    "mochawesome": {
      "options": {
        "quiet": false,
        "reportFilename": "mochawesome",
        "saveHtml": false,
        "saveJson": true,
        "consoleReporter": "spec",
        "useInlineDiffs": false,
        "code": true
      },
      "version": "7.1.3"
    },
    "marge": {
      "options": {
        "charts": true,
        "overwrite": false,
        "html": false,
        "json": true,
        "reportDir": "cypress/report/mochawesome-report"
      },
      "version": "6.2.0"
    }
  }
}
