{
  "stats": {
    "suites": 1,
    "tests": 1,
    "passes": 1,
    "pending": 0,
    "failures": 0,
    "start": "2022-09-03T11:18:34.588Z",
    "end": "2022-09-03T11:18:35.595Z",
    "duration": 1007,
    "testsRegistered": 1,
    "passPercent": 100,
    "pendingPercent": 0,
    "other": 0,
    "hasOther": false,
    "skipped": 0,
    "hasSkipped": false
  },
  "results": [
    {
      "uuid": "ed8351e7-af43-47da-91e7-2d29f6855270",
      "title": "",
      "fullFile": "cypress\\e2e\\Leaves\\saucelab.ts",
      "file": "cypress\\e2e\\Leaves\\saucelab.ts",
      "beforeHooks": [],
      "afterHooks": [],
      "tests": [],
      "suites": [
        {
          "uuid": "3ee3ead7-9b60-4824-9697-55dfea2cb693",
          "title": "Sauce Lab",
          "fullFile": "",
          "file": "",
          "beforeHooks": [],
          "afterHooks": [],
          "tests": [
            {
              "title": "200 homepage response",
              "fullTitle": "Sauce Lab 200 homepage response",
              "timedOut": null,
              "duration": 971,
              "state": "passed",
              "speed": "fast",
              "pass": true,
              "fail": false,
              "pending": false,
              "context": null,
              "code": "cy.request({\n    url: \"https://www.saucedemo.com/\",\n    followRedirect: false,\n}).then(function (resp) {\n    expect(resp.status).to.eq(200);\n    expect(resp.redirectedToUrl).to.eq(undefined);\n});",
              "err": {},
              "uuid": "82ec764e-95c0-403d-b949-f26651f64ce9",
              "parentUUID": "3ee3ead7-9b60-4824-9697-55dfea2cb693",
              "isHook": false,
              "skipped": false
            }
          ],
          "suites": [],
          "passes": ["82ec764e-95c0-403d-b949-f26651f64ce9"],
          "failures": [],
          "pending": [],
          "skipped": [],
          "duration": 971,
          "root": false,
          "rootEmpty": false,
          "_timeout": 2000
        }
      ],
      "passes": [],
      "failures": [],
      "pending": [],
      "skipped": [],
      "duration": 0,
      "root": true,
      "rootEmpty": true,
      "_timeout": 2000
    }
  ],
  "meta": {
    "mocha": {
      "version": "7.0.1"
    },
    "mochawesome": {
      "options": {
        "quiet": false,
        "reportFilename": "mochawesome",
        "saveHtml": false,
        "saveJson": true,
        "consoleReporter": "spec",
        "useInlineDiffs": false,
        "code": true
      },
      "version": "7.1.3"
    },
    "marge": {
      "options": {
        "charts": true,
        "overwrite": false,
        "html": false,
        "json": true,
        "reportDir": "cypress/report/mochawesome-report"
      },
      "version": "6.2.0"
    }
  }
}
